[  6470.774] 
X.Org X Server 1.21.1.6
X Protocol Version 11, Revision 0
[  6470.774] Current Operating System: Linux arch 6.1.8-arch1-1 #1 SMP PREEMPT_DYNAMIC Tue, 24 Jan 2023 21:07:04 +0000 x86_64
[  6470.775] Kernel command line: BOOT_IMAGE=/vmlinuz-linux root=UUID=7910a26a-9d22-4421-ba8c-ac3469a41f84 rw loglevel=3 quiet
[  6470.775]  
[  6470.775] Current version of pixman: 0.42.2
[  6470.775] 	Before reporting problems, check http://wiki.x.org
	to make sure that you have the latest version.
[  6470.775] Markers: (--) probed, (**) from config file, (==) default setting,
	(++) from command line, (!!) notice, (II) informational,
	(WW) warning, (EE) error, (NI) not implemented, (??) unknown.
[  6470.777] (==) Log file: "/home/m/.local/share/xorg/Xorg.0.log", Time: Mon Jan 30 22:23:57 2023
[  6470.777] (==) Using system config directory "/usr/share/X11/xorg.conf.d"
[  6470.777] (==) No Layout section.  Using the first Screen section.
[  6470.777] (==) No screen section available. Using defaults.
[  6470.777] (**) |-->Screen "Default Screen Section" (0)
[  6470.777] (**) |   |-->Monitor "<default monitor>"
[  6470.778] (==) No monitor specified for screen "Default Screen Section".
	Using a default monitor configuration.
[  6470.778] (==) Automatically adding devices
[  6470.778] (==) Automatically enabling devices
[  6470.778] (==) Automatically adding GPU devices
[  6470.778] (==) Automatically binding GPU devices
[  6470.778] (==) Max clients allowed: 256, resource mask: 0x1fffff
[  6470.778] (WW) The directory "/usr/share/fonts/misc" does not exist.
[  6470.778] 	Entry deleted from font path.
[  6470.778] (WW) The directory "/usr/share/fonts/OTF" does not exist.
[  6470.778] 	Entry deleted from font path.
[  6470.778] (WW) The directory "/usr/share/fonts/Type1" does not exist.
[  6470.778] 	Entry deleted from font path.
[  6470.778] (==) FontPath set to:
	/usr/share/fonts/TTF,
	/usr/share/fonts/100dpi,
	/usr/share/fonts/75dpi
[  6470.778] (==) ModulePath set to "/usr/lib/xorg/modules"
[  6470.778] (II) The server relies on udev to provide the list of input devices.
	If no devices become available, reconfigure udev or disable AutoAddDevices.
[  6470.778] (II) Module ABI versions:
[  6470.778] 	X.Org ANSI C Emulation: 0.4
[  6470.778] 	X.Org Video Driver: 25.2
[  6470.778] 	X.Org XInput driver : 24.4
[  6470.778] 	X.Org Server Extension : 10.0
[  6470.780] (++) using VT number 1

[  6470.782] (II) systemd-logind: took control of session /org/freedesktop/login1/session/_38
[  6470.785] (II) xfree86: Adding drm device (/dev/dri/card0)
[  6470.785] (II) Platform probe for /sys/devices/pci0000:00/0000:00:01.0/drm/card0
[  6470.786] (II) systemd-logind: got fd for /dev/dri/card0 226:0 fd 13 paused 0
[  6470.796] (--) PCI:*(0@0:1:0) 1002:9830:1458:d000 rev 0, Mem @ 0xc0000000/268435456, 0xd0000000/8388608, 0xfeb00000/262144, I/O @ 0x0000f000/256, BIOS @ 0x????????/131072
[  6470.796] (WW) Open ACPI failed (/var/run/acpid.socket) (No such file or directory)
[  6470.796] (II) LoadModule: "glx"
[  6470.797] (II) Loading /usr/lib/xorg/modules/extensions/libglx.so
[  6470.801] (II) Module glx: vendor="X.Org Foundation"
[  6470.801] 	compiled for 1.21.1.6, module version = 1.0.0
[  6470.801] 	ABI class: X.Org Server Extension, version 10.0
[  6470.801] (==) Matched ati as autoconfigured driver 0
[  6470.801] (==) Matched modesetting as autoconfigured driver 1
[  6470.801] (==) Matched fbdev as autoconfigured driver 2
[  6470.801] (==) Matched vesa as autoconfigured driver 3
[  6470.801] (==) Assigned the driver to the xf86ConfigLayout
[  6470.801] (II) LoadModule: "ati"
[  6470.801] (WW) Warning, couldn't open module ati
[  6470.801] (EE) Failed to load module "ati" (module does not exist, 0)
[  6470.801] (II) LoadModule: "modesetting"
[  6470.801] (II) Loading /usr/lib/xorg/modules/drivers/modesetting_drv.so
[  6470.803] (II) Module modesetting: vendor="X.Org Foundation"
[  6470.803] 	compiled for 1.21.1.6, module version = 1.21.1
[  6470.803] 	Module class: X.Org Video Driver
[  6470.803] 	ABI class: X.Org Video Driver, version 25.2
[  6470.803] (II) LoadModule: "fbdev"
[  6470.803] (WW) Warning, couldn't open module fbdev
[  6470.803] (EE) Failed to load module "fbdev" (module does not exist, 0)
[  6470.803] (II) LoadModule: "vesa"
[  6470.804] (II) Loading /usr/lib/xorg/modules/drivers/vesa_drv.so
[  6470.804] (II) Module vesa: vendor="X.Org Foundation"
[  6470.804] 	compiled for 1.21.1.4, module version = 2.6.0
[  6470.804] 	Module class: X.Org Video Driver
[  6470.804] 	ABI class: X.Org Video Driver, version 25.2
[  6470.804] (II) modesetting: Driver for Modesetting Kernel Drivers: kms
[  6470.804] (II) VESA: driver for VESA chipsets: vesa
[  6470.804] xf86EnableIO: failed to enable I/O ports 0000-03ff (Operation not permitted)
[  6470.804] (II) modeset(0): using drv /dev/dri/card0
[  6470.804] (WW) VGA arbiter: cannot open kernel arbiter, no multi-card support
[  6470.804] (II) modeset(0): Creating default Display subsection in Screen section
	"Default Screen Section" for depth/fbbpp 24/32
[  6470.804] (==) modeset(0): Depth 24, (==) framebuffer bpp 32
[  6470.804] (==) modeset(0): RGB weight 888
[  6470.804] (==) modeset(0): Default visual is TrueColor
[  6470.804] (II) Loading sub module "glamoregl"
[  6470.804] (II) LoadModule: "glamoregl"
[  6470.804] (II) Loading /usr/lib/xorg/modules/libglamoregl.so
[  6470.812] (II) Module glamoregl: vendor="X.Org Foundation"
[  6470.812] 	compiled for 1.21.1.6, module version = 1.0.1
[  6470.813] 	ABI class: X.Org ANSI C Emulation, version 0.4
[  6470.903] (II) modeset(0): glamor X acceleration enabled on KABINI (, LLVM 15.0.7, DRM 2.50, 6.1.8-arch1-1)
[  6470.903] (II) modeset(0): glamor initialized
[  6470.903] (==) modeset(0): VariableRefresh: disabled
[  6470.903] (==) modeset(0): AsyncFlipSecondaries: disabled
[  6470.965] (II) modeset(0): Output HDMI-1 has no monitor section
[  6470.980] (II) modeset(0): Output VGA-1 has no monitor section
[  6471.042] (II) modeset(0): EDID for output HDMI-1
[  6471.042] (II) modeset(0): Manufacturer: BNQ  Model: 780a  Serial#: 21573
[  6471.042] (II) modeset(0): Year: 2008  Week: 20
[  6471.042] (II) modeset(0): EDID Version: 1.3
[  6471.042] (II) modeset(0): Digital Display Input
[  6471.042] (II) modeset(0): Max Image Size [cm]: horiz.: 52  vert.: 32
[  6471.042] (II) modeset(0): Gamma: 2.20
[  6471.042] (II) modeset(0): DPMS capabilities: Off
[  6471.042] (II) modeset(0): Supported color encodings: RGB 4:4:4 YCrCb 4:4:4 
[  6471.042] (II) modeset(0): Default color space is primary color space
[  6471.042] (II) modeset(0): First detailed timing is preferred mode
[  6471.042] (II) modeset(0): redX: 0.640 redY: 0.340   greenX: 0.290 greenY: 0.610
[  6471.042] (II) modeset(0): blueX: 0.140 blueY: 0.070   whiteX: 0.310 whiteY: 0.320
[  6471.042] (II) modeset(0): Supported established timings:
[  6471.042] (II) modeset(0): 720x400@70Hz
[  6471.042] (II) modeset(0): 640x480@60Hz
[  6471.043] (II) modeset(0): 640x480@75Hz
[  6471.043] (II) modeset(0): 800x600@60Hz
[  6471.043] (II) modeset(0): 800x600@75Hz
[  6471.043] (II) modeset(0): 832x624@75Hz
[  6471.043] (II) modeset(0): 1024x768@60Hz
[  6471.043] (II) modeset(0): 1024x768@75Hz
[  6471.043] (II) modeset(0): 1280x1024@75Hz
[  6471.043] (II) modeset(0): 1152x864@75Hz
[  6471.043] (II) modeset(0): Manufacturer's mask: 0
[  6471.043] (II) modeset(0): Supported standard timings:
[  6471.043] (II) modeset(0): #0: hsize: 1152  vsize 720  refresh: 60  vid: 113
[  6471.043] (II) modeset(0): #1: hsize: 1280  vsize 800  refresh: 60  vid: 129
[  6471.043] (II) modeset(0): #2: hsize: 1440  vsize 900  refresh: 60  vid: 149
[  6471.043] (II) modeset(0): #3: hsize: 1280  vsize 1024  refresh: 60  vid: 32897
[  6471.043] (II) modeset(0): #4: hsize: 1680  vsize 1050  refresh: 60  vid: 179
[  6471.043] (II) modeset(0): #5: hsize: 1600  vsize 1200  refresh: 60  vid: 16553
[  6471.043] (II) modeset(0): #6: hsize: 1920  vsize 1200  refresh: 60  vid: 209
[  6471.043] (II) modeset(0): Supported detailed timing:
[  6471.043] (II) modeset(0): clock: 154.0 MHz   Image Size:  519 x 324 mm
[  6471.043] (II) modeset(0): h_active: 1920  h_sync: 1968  h_sync_end 2000 h_blank_end 2080 h_border: 0
[  6471.043] (II) modeset(0): v_active: 1200  v_sync: 1203  v_sync_end 1209 v_blanking: 1235 v_border: 0
[  6471.043] (II) modeset(0): Serial No: F5803600SL0
[  6471.043] (II) modeset(0): Ranges: V min: 50 V max: 85 Hz, H min: 31 H max: 94 kHz, PixClock max 175 MHz
[  6471.043] (II) modeset(0): Monitor name: BenQ G2400W
[  6471.043] (II) modeset(0): Supported detailed timing:
[  6471.043] (II) modeset(0): clock: 74.2 MHz   Image Size:  708 x 398 mm
[  6471.043] (II) modeset(0): h_active: 1280  h_sync: 1390  h_sync_end 1430 h_blank_end 1650 h_border: 0
[  6471.043] (II) modeset(0): v_active: 720  v_sync: 725  v_sync_end 730 v_blanking: 750 v_border: 0
[  6471.043] (II) modeset(0): Supported detailed timing:
[  6471.043] (II) modeset(0): clock: 74.2 MHz   Image Size:  708 x 398 mm
[  6471.043] (II) modeset(0): h_active: 1920  h_sync: 2008  h_sync_end 2052 h_blank_end 2200 h_border: 0
[  6471.043] (II) modeset(0): v_active: 540  v_sync: 542  v_sync_end 547 v_blanking: 562 v_border: 0
[  6471.043] (II) modeset(0): Supported detailed timing:
[  6471.043] (II) modeset(0): clock: 27.0 MHz   Image Size:  708 x 398 mm
[  6471.043] (II) modeset(0): h_active: 720  h_sync: 736  h_sync_end 798 h_blank_end 858 h_border: 0
[  6471.043] (II) modeset(0): v_active: 480  v_sync: 489  v_sync_end 495 v_blanking: 525 v_border: 0
[  6471.043] (II) modeset(0): Supported detailed timing:
[  6471.043] (II) modeset(0): clock: 148.5 MHz   Image Size:  708 x 398 mm
[  6471.043] (II) modeset(0): h_active: 1920  h_sync: 2008  h_sync_end 2052 h_blank_end 2200 h_border: 0
[  6471.043] (II) modeset(0): v_active: 1080  v_sync: 1084  v_sync_end 1089 v_blanking: 1125 v_border: 0
[  6471.043] (II) modeset(0): Supported detailed timing:
[  6471.043] (II) modeset(0): clock: 25.2 MHz   Image Size:  530 x 398 mm
[  6471.043] (II) modeset(0): h_active: 640  h_sync: 648  h_sync_end 744 h_blank_end 800 h_border: 8
[  6471.043] (II) modeset(0): v_active: 480  v_sync: 482  v_sync_end 484 v_blanking: 525 v_border: 8
[  6471.043] (II) modeset(0): Number of EDID sections to follow: 1
[  6471.044] (II) modeset(0): EDID (in hex):
[  6471.044] (II) modeset(0): 	00ffffffffffff0009d10a7845540000
[  6471.044] (II) modeset(0): 	14120103803420782ec5c4a3574a9c23
[  6471.044] (II) modeset(0): 	124f52a56b807100810095008180b300
[  6471.044] (II) modeset(0): 	a940d1000101283c80a070b023403020
[  6471.044] (II) modeset(0): 	360007442100001a000000ff00463538
[  6471.044] (II) modeset(0): 	3033363030534c300a20000000fd0032
[  6471.044] (II) modeset(0): 	551f5e11000a202020202020000000fc
[  6471.044] (II) modeset(0): 	0042656e51204732343030570a200103
[  6471.044] (II) modeset(0): 	02031af14604900301850766030c0010
[  6471.044] (II) modeset(0): 	00008301000023090707011d007251d0
[  6471.044] (II) modeset(0): 	1e206e285500c48e2100001f011d8018
[  6471.044] (II) modeset(0): 	711c1620582c2500c48e2100009e8c0a
[  6471.044] (II) modeset(0): 	d08a20e02d10103e9600c48e21000019
[  6471.044] (II) modeset(0): 	023a801871382d40582c4500c48e2100
[  6471.044] (II) modeset(0): 	0006d60980a020e02d1008602200128e
[  6471.044] (II) modeset(0): 	2108081800000000000000000000002c
[  6471.044] (II) modeset(0): Not using default mode "1600x1200" (bad mode clock/interlace/doublescan)
[  6471.044] (II) modeset(0): Not using default mode "1600x1200" (bad mode clock/interlace/doublescan)
[  6471.044] (II) modeset(0): Not using default mode "1440x810" (bad mode clock/interlace/doublescan)
[  6471.044] (II) modeset(0): Not using default mode "1600x900" (bad mode clock/interlace/doublescan)
[  6471.044] (II) modeset(0): Not using default mode "1600x900" (bad mode clock/interlace/doublescan)
[  6471.044] (II) modeset(0): Not using default mode "1920x1080" (bad mode clock/interlace/doublescan)
[  6471.044] (II) modeset(0): Not using default mode "1920x1080" (bad mode clock/interlace/doublescan)
[  6471.044] (II) modeset(0): Not using default mode "1920x1200" (bad mode clock/interlace/doublescan)
[  6471.044] (II) modeset(0): Printing probed modes for output HDMI-1
[  6471.044] (II) modeset(0): Modeline "1920x1200"x60.0  154.00  1920 1968 2000 2080  1200 1203 1209 1235 +hsync -vsync (74.0 kHz eP)
[  6471.044] (II) modeset(0): Modeline "1920x1080"x60.0  173.00  1920 2048 2248 2576  1080 1083 1088 1120 -hsync +vsync (67.2 kHz d)
[  6471.044] (II) modeset(0): Modeline "1920x1080"x60.0  148.50  1920 2008 2052 2200  1080 1084 1089 1125 +hsync +vsync (67.5 kHz e)
[  6471.045] (II) modeset(0): Modeline "1920x1080"x59.9  148.35  1920 2008 2052 2200  1080 1084 1089 1125 +hsync +vsync (67.4 kHz e)
[  6471.045] (II) modeset(0): Modeline "1920x1080"x59.9  138.50  1920 1968 2000 2080  1080 1083 1088 1111 +hsync -vsync (66.6 kHz d)
[  6471.045] (II) modeset(0): Modeline "1920x1080i"x60.0   74.25  1920 2008 2052 2200  1080 1084 1094 1125 interlace +hsync +vsync (33.8 kHz e)
[  6471.045] (II) modeset(0): Modeline "1920x1080i"x59.9   74.18  1920 2008 2052 2200  1080 1084 1094 1125 interlace +hsync +vsync (33.7 kHz e)
[  6471.045] (II) modeset(0): Modeline "1600x1200"x65.0  175.50  1600 1664 1856 2160  1200 1201 1204 1250 +hsync +vsync (81.2 kHz d)
[  6471.045] (II) modeset(0): Modeline "1600x1200"x60.0  162.00  1600 1664 1856 2160  1200 1201 1204 1250 +hsync +vsync (75.0 kHz e)
[  6471.045] (II) modeset(0): Modeline "1680x1050"x60.0  146.25  1680 1784 1960 2240  1050 1053 1059 1089 -hsync +vsync (65.3 kHz d)
[  6471.045] (II) modeset(0): Modeline "1680x1050"x59.9  119.00  1680 1728 1760 1840  1050 1053 1059 1080 +hsync -vsync (64.7 kHz e)
[  6471.045] (II) modeset(0): Modeline "1400x1050"x74.8  155.80  1400 1464 1784 1912  1050 1052 1064 1090 +hsync +vsync (81.5 kHz d)
[  6471.045] (II) modeset(0): Modeline "1400x1050"x60.0  122.00  1400 1488 1640 1880  1050 1052 1064 1082 +hsync +vsync (64.9 kHz d)
[  6471.045] (II) modeset(0): Modeline "1600x900"x59.9  118.25  1600 1696 1856 2112  900 903 908 934 -hsync +vsync (56.0 kHz d)
[  6471.045] (II) modeset(0): Modeline "1600x900"x59.8   97.50  1600 1648 1680 1760  900 903 908 926 +hsync -vsync (55.4 kHz d)
[  6471.045] (II) modeset(0): Modeline "1280x1024"x75.0  135.00  1280 1296 1440 1688  1024 1025 1028 1066 +hsync +vsync (80.0 kHz e)
[  6471.045] (II) modeset(0): Modeline "1280x1024"x60.0  108.00  1280 1328 1440 1688  1024 1025 1028 1066 +hsync +vsync (64.0 kHz e)
[  6471.045] (II) modeset(0): Modeline "1440x900"x59.9   88.75  1440 1488 1520 1600  900 903 909 926 +hsync -vsync (55.5 kHz e)
[  6471.045] (II) modeset(0): Modeline "1400x900"x60.0  103.50  1400 1480 1624 1848  900 903 913 934 -hsync +vsync (56.0 kHz d)
[  6471.045] (II) modeset(0): Modeline "1400x900"x59.9   86.50  1400 1448 1480 1560  900 903 913 926 +hsync -vsync (55.4 kHz d)
[  6471.045] (II) modeset(0): Modeline "1280x960"x60.0  108.00  1280 1376 1488 1800  960 961 964 1000 +hsync +vsync (60.0 kHz d)
[  6471.045] (II) modeset(0): Modeline "1440x810"x60.0  151.88  1440 1464 1480 1520  810 811 814 833 doublescan +hsync -vsync (99.9 kHz d)
[  6471.045] (II) modeset(0): Modeline "1368x768"x59.9   85.25  1368 1440 1576 1784  768 771 781 798 -hsync +vsync (47.8 kHz d)
[  6471.045] (II) modeset(0): Modeline "1368x768"x59.9   72.25  1368 1416 1448 1528  768 771 781 790 +hsync -vsync (47.3 kHz d)
[  6471.045] (II) modeset(0): Modeline "1280x800"x60.0  174.25  1280 1380 1516 1752  800 801 804 829 doublescan -hsync +vsync (99.5 kHz d)
[  6471.045] (II) modeset(0): Modeline "1280x800"x60.0  134.25  1280 1304 1320 1360  800 801 804 823 doublescan +hsync -vsync (98.7 kHz d)
[  6471.045] (II) modeset(0): Modeline "1280x800"x59.8   83.50  1280 1352 1480 1680  800 803 809 831 -hsync +vsync (49.7 kHz d)
[  6471.045] (II) modeset(0): Modeline "1280x800"x59.9   71.00  1280 1328 1360 1440  800 803 809 823 +hsync -vsync (49.3 kHz e)
[  6471.045] (II) modeset(0): Modeline "1152x864"x75.0  108.00  1152 1216 1344 1600  864 865 868 900 +hsync +vsync (67.5 kHz e)
[  6471.045] (II) modeset(0): Modeline "1280x720"x60.0  156.12  1280 1376 1512 1744  720 721 724 746 doublescan -hsync +vsync (89.5 kHz d)
[  6471.045] (II) modeset(0): Modeline "1280x720"x60.0  120.75  1280 1304 1320 1360  720 721 724 740 doublescan +hsync -vsync (88.8 kHz d)
[  6471.045] (II) modeset(0): Modeline "1280x720"x59.9   74.50  1280 1344 1472 1664  720 723 728 748 -hsync +vsync (44.8 kHz d)
[  6471.045] (II) modeset(0): Modeline "1280x720"x60.0   74.25  1280 1390 1430 1650  720 725 730 750 +hsync +vsync (45.0 kHz e)
[  6471.045] (II) modeset(0): Modeline "1280x720"x59.9   74.18  1280 1390 1430 1650  720 725 730 750 +hsync +vsync (45.0 kHz e)
[  6471.045] (II) modeset(0): Modeline "1280x720"x59.7   63.75  1280 1328 1360 1440  720 723 728 741 +hsync -vsync (44.3 kHz d)
[  6471.045] (II) modeset(0): Modeline "1024x768"x75.0  170.24  1024 1108 1220 1416  768 768 770 801 doublescan -hsync +vsync (120.2 kHz d)
[  6471.045] (II) modeset(0): Modeline "1024x768"x60.0  133.47  1024 1100 1212 1400  768 768 770 794 doublescan -hsync +vsync (95.3 kHz d)
[  6471.045] (II) modeset(0): Modeline "1024x768"x75.0   78.75  1024 1040 1136 1312  768 769 772 800 +hsync +vsync (60.0 kHz e)
[  6471.045] (II) modeset(0): Modeline "1024x768"x70.1   75.00  1024 1048 1184 1328  768 771 777 806 -hsync -vsync (56.5 kHz d)
[  6471.045] (II) modeset(0): Modeline "1024x768"x60.0   65.00  1024 1048 1184 1344  768 771 777 806 -hsync -vsync (48.4 kHz e)
[  6471.045] (II) modeset(0): Modeline "960x720"x75.0  148.50  960 1032 1144 1320  720 720 722 750 doublescan -hsync +vsync (112.5 kHz d)
[  6471.045] (II) modeset(0): Modeline "960x720"x60.0  117.00  960 1024 1128 1300  720 720 722 750 doublescan -hsync +vsync (90.0 kHz d)
[  6471.045] (II) modeset(0): Modeline "928x696"x75.0  144.00  928 992 1104 1280  696 696 698 750 doublescan -hsync +vsync (112.5 kHz d)
[  6471.045] (II) modeset(0): Modeline "928x696"x60.1  109.15  928 976 1088 1264  696 696 698 719 doublescan -hsync +vsync (86.4 kHz d)
[  6471.046] (II) modeset(0): Modeline "896x672"x75.0  130.50  896 944 1052 1228  672 672 674 708 doublescan -hsync +vsync (106.3 kHz d)
[  6471.046] (II) modeset(0): Modeline "896x672"x60.0  102.40  896 960 1060 1224  672 672 674 697 doublescan -hsync +vsync (83.7 kHz d)
[  6471.046] (II) modeset(0): Modeline "1024x576"x60.0   98.50  1024 1092 1200 1376  576 577 580 597 doublescan -hsync +vsync (71.6 kHz d)
[  6471.046] (II) modeset(0): Modeline "1024x576"x60.0   78.38  1024 1048 1064 1104  576 577 580 592 doublescan +hsync -vsync (71.0 kHz d)
[  6471.046] (II) modeset(0): Modeline "1024x576"x59.9   46.50  1024 1064 1160 1296  576 579 584 599 -hsync +vsync (35.9 kHz d)
[  6471.046] (II) modeset(0): Modeline "1024x576"x59.8   42.00  1024 1072 1104 1184  576 579 584 593 +hsync -vsync (35.5 kHz d)
[  6471.046] (II) modeset(0): Modeline "960x600"x59.9   96.62  960 1028 1128 1296  600 601 604 622 doublescan -hsync +vsync (74.6 kHz d)
[  6471.046] (II) modeset(0): Modeline "960x600"x60.0   77.00  960 984 1000 1040  600 601 604 617 doublescan +hsync -vsync (74.0 kHz d)
[  6471.046] (II) modeset(0): Modeline "832x624"x74.6   57.28  832 864 928 1152  624 625 628 667 -hsync -vsync (49.7 kHz e)
[  6471.046] (II) modeset(0): Modeline "960x540"x60.0   86.50  960 1024 1124 1288  540 541 544 560 doublescan -hsync +vsync (67.2 kHz d)
[  6471.046] (II) modeset(0): Modeline "960x540"x60.0   69.25  960 984 1000 1040  540 541 544 555 doublescan +hsync -vsync (66.6 kHz d)
[  6471.046] (II) modeset(0): Modeline "960x540"x59.6   40.75  960 992 1088 1216  540 543 548 562 -hsync +vsync (33.5 kHz d)
[  6471.046] (II) modeset(0): Modeline "960x540"x59.8   37.25  960 1008 1040 1120  540 543 548 556 +hsync -vsync (33.3 kHz d)
[  6471.046] (II) modeset(0): Modeline "800x600"x75.0  101.25  800 832 928 1080  600 600 602 625 doublescan +hsync +vsync (93.8 kHz d)
[  6471.046] (II) modeset(0): Modeline "800x600"x70.0   94.50  800 832 928 1080  600 600 602 625 doublescan +hsync +vsync (87.5 kHz d)
[  6471.046] (II) modeset(0): Modeline "800x600"x65.0   87.75  800 832 928 1080  600 600 602 625 doublescan +hsync +vsync (81.2 kHz d)
[  6471.046] (II) modeset(0): Modeline "800x600"x60.0   81.00  800 832 928 1080  600 600 602 625 doublescan +hsync +vsync (75.0 kHz d)
[  6471.046] (II) modeset(0): Modeline "800x600"x72.2   50.00  800 856 976 1040  600 637 643 666 +hsync +vsync (48.1 kHz d)
[  6471.046] (II) modeset(0): Modeline "800x600"x75.0   49.50  800 816 896 1056  600 601 604 625 +hsync +vsync (46.9 kHz e)
[  6471.046] (II) modeset(0): Modeline "800x600"x60.3   40.00  800 840 968 1056  600 601 605 628 +hsync +vsync (37.9 kHz e)
[  6471.046] (II) modeset(0): Modeline "800x600"x56.2   36.00  800 824 896 1024  600 601 603 625 +hsync +vsync (35.2 kHz d)
[  6471.046] (II) modeset(0): Modeline "840x525"x60.0   73.12  840 892 980 1120  525 526 529 544 doublescan -hsync +vsync (65.3 kHz d)
[  6471.046] (II) modeset(0): Modeline "840x525"x59.9   59.50  840 864 880 920  525 526 529 540 doublescan +hsync -vsync (64.7 kHz d)
[  6471.046] (II) modeset(0): Modeline "864x486"x59.9   32.50  864 888 968 1072  486 489 494 506 -hsync +vsync (30.3 kHz d)
[  6471.046] (II) modeset(0): Modeline "864x486"x59.6   30.50  864 912 944 1024  486 489 494 500 +hsync -vsync (29.8 kHz d)
[  6471.046] (II) modeset(0): Modeline "700x525"x74.8   77.90  700 732 892 956  525 526 532 545 doublescan +hsync +vsync (81.5 kHz d)
[  6471.046] (II) modeset(0): Modeline "700x525"x60.0   61.00  700 744 820 940  525 526 532 541 doublescan +hsync +vsync (64.9 kHz d)
[  6471.046] (II) modeset(0): Modeline "800x450"x59.9   59.12  800 848 928 1056  450 451 454 467 doublescan -hsync +vsync (56.0 kHz d)
[  6471.046] (II) modeset(0): Modeline "800x450"x59.8   48.75  800 824 840 880  450 451 454 463 doublescan +hsync -vsync (55.4 kHz d)
[  6471.046] (II) modeset(0): Modeline "720x480"x60.0   27.03  720 736 798 858  480 489 495 525 -hsync -vsync (31.5 kHz e)
[  6471.046] (II) modeset(0): Modeline "720x480"x59.9   27.00  720 736 798 858  480 489 495 525 -hsync -vsync (31.5 kHz e)
[  6471.046] (II) modeset(0): Modeline "720x480i"x60.0   13.51  720 739 801 858  480 488 494 525 interlace -hsync -vsync (15.8 kHz e)
[  6471.046] (II) modeset(0): Modeline "720x480i"x59.9   13.50  720 739 801 858  480 488 494 525 interlace -hsync -vsync (15.7 kHz e)
[  6471.046] (II) modeset(0): Modeline "640x512"x75.0   67.50  640 648 720 844  512 512 514 533 doublescan +hsync +vsync (80.0 kHz d)
[  6471.046] (II) modeset(0): Modeline "640x512"x60.0   54.00  640 664 720 844  512 512 514 533 doublescan +hsync +vsync (64.0 kHz d)
[  6471.046] (II) modeset(0): Modeline "700x450"x60.0   51.75  700 740 812 924  450 451 456 467 doublescan -hsync +vsync (56.0 kHz d)
[  6471.046] (II) modeset(0): Modeline "700x450"x59.9   43.25  700 724 740 780  450 451 456 463 doublescan +hsync -vsync (55.4 kHz d)
[  6471.046] (II) modeset(0): Modeline "640x480"x60.0   54.00  640 688 744 900  480 480 482 500 doublescan +hsync +vsync (60.0 kHz d)
[  6471.046] (II) modeset(0): Modeline "640x480"x75.0   31.50  640 656 720 840  480 481 484 500 -hsync -vsync (37.5 kHz e)
[  6471.046] (II) modeset(0): Modeline "640x480"x72.8   31.50  640 664 704 832  480 489 492 520 -hsync -vsync (37.9 kHz d)
[  6471.046] (II) modeset(0): Modeline "640x480"x75.0   31.50  640 656 720 840  480 481 484 500 -hsync -vsync (37.5 kHz d)
[  6471.047] (II) modeset(0): Modeline "640x480"x60.0   25.20  640 656 752 800  480 490 492 525 -hsync -vsync (31.5 kHz e)
[  6471.047] (II) modeset(0): Modeline "640x480"x60.0   25.18  640 648 744 800  480 482 484 525 -hsync -vsync (31.5 kHz e)
[  6471.047] (II) modeset(0): Modeline "640x480"x59.9   25.18  640 656 752 800  480 490 492 525 -hsync -vsync (31.5 kHz e)
[  6471.047] (II) modeset(0): Modeline "720x405"x59.5   22.50  720 744 808 896  405 408 413 422 -hsync +vsync (25.1 kHz d)
[  6471.047] (II) modeset(0): Modeline "720x405"x59.0   21.75  720 768 800 880  405 408 413 419 +hsync -vsync (24.7 kHz d)
[  6471.047] (II) modeset(0): Modeline "720x400"x70.1   28.32  720 738 846 900  400 412 414 449 -hsync +vsync (31.5 kHz e)
[  6471.047] (II) modeset(0): Modeline "684x384"x59.9   42.62  684 720 788 892  384 385 390 399 doublescan -hsync +vsync (47.8 kHz d)
[  6471.047] (II) modeset(0): Modeline "684x384"x59.9   36.12  684 708 724 764  384 385 390 395 doublescan +hsync -vsync (47.3 kHz d)
[  6471.047] (II) modeset(0): Modeline "640x400"x59.9   41.75  640 676 740 840  400 401 404 415 doublescan -hsync +vsync (49.7 kHz d)
[  6471.047] (II) modeset(0): Modeline "640x400"x60.0   35.50  640 664 680 720  400 401 404 411 doublescan +hsync -vsync (49.3 kHz d)
[  6471.047] (II) modeset(0): Modeline "576x432"x75.0   54.00  576 608 672 800  432 432 434 450 doublescan +hsync +vsync (67.5 kHz d)
[  6471.047] (II) modeset(0): Modeline "640x360"x59.9   37.25  640 672 736 832  360 361 364 374 doublescan -hsync +vsync (44.8 kHz d)
[  6471.047] (II) modeset(0): Modeline "640x360"x59.8   31.88  640 664 680 720  360 361 364 370 doublescan +hsync -vsync (44.3 kHz d)
[  6471.047] (II) modeset(0): Modeline "640x360"x59.8   18.00  640 664 720 800  360 363 368 376 -hsync +vsync (22.5 kHz d)
[  6471.047] (II) modeset(0): Modeline "640x360"x59.3   17.75  640 688 720 800  360 363 368 374 +hsync -vsync (22.2 kHz d)
[  6471.047] (II) modeset(0): Modeline "512x384"x75.0   39.38  512 520 568 656  384 384 386 400 doublescan +hsync +vsync (60.0 kHz d)
[  6471.047] (II) modeset(0): Modeline "512x384"x70.1   37.50  512 524 592 664  384 385 388 403 doublescan -hsync -vsync (56.5 kHz d)
[  6471.047] (II) modeset(0): Modeline "512x384"x60.0   32.50  512 524 592 672  384 385 388 403 doublescan -hsync -vsync (48.4 kHz d)
[  6471.047] (II) modeset(0): Modeline "512x288"x60.0   23.25  512 532 580 648  288 289 292 299 doublescan -hsync +vsync (35.9 kHz d)
[  6471.047] (II) modeset(0): Modeline "512x288"x59.9   21.00  512 536 552 592  288 289 292 296 doublescan +hsync -vsync (35.5 kHz d)
[  6471.047] (II) modeset(0): Modeline "416x312"x74.7   28.64  416 432 464 576  312 312 314 333 doublescan -hsync -vsync (49.7 kHz d)
[  6471.047] (II) modeset(0): Modeline "480x270"x59.6   20.38  480 496 544 608  270 271 274 281 doublescan -hsync +vsync (33.5 kHz d)
[  6471.047] (II) modeset(0): Modeline "480x270"x59.8   18.62  480 504 520 560  270 271 274 278 doublescan +hsync -vsync (33.3 kHz d)
[  6471.047] (II) modeset(0): Modeline "400x300"x72.2   25.00  400 428 488 520  300 318 321 333 doublescan +hsync +vsync (48.1 kHz d)
[  6471.047] (II) modeset(0): Modeline "400x300"x75.1   24.75  400 408 448 528  300 300 302 312 doublescan +hsync +vsync (46.9 kHz d)
[  6471.047] (II) modeset(0): Modeline "400x300"x60.3   20.00  400 420 484 528  300 300 302 314 doublescan +hsync +vsync (37.9 kHz d)
[  6471.047] (II) modeset(0): Modeline "400x300"x56.3   18.00  400 412 448 512  300 300 301 312 doublescan +hsync +vsync (35.2 kHz d)
[  6471.047] (II) modeset(0): Modeline "432x243"x59.9   16.25  432 444 484 536  243 244 247 253 doublescan -hsync +vsync (30.3 kHz d)
[  6471.047] (II) modeset(0): Modeline "432x243"x59.6   15.25  432 456 472 512  243 244 247 250 doublescan +hsync -vsync (29.8 kHz d)
[  6471.047] (II) modeset(0): Modeline "320x240"x72.8   15.75  320 332 352 416  240 244 246 260 doublescan -hsync -vsync (37.9 kHz d)
[  6471.047] (II) modeset(0): Modeline "320x240"x75.0   15.75  320 328 360 420  240 240 242 250 doublescan -hsync -vsync (37.5 kHz d)
[  6471.047] (II) modeset(0): Modeline "320x240"x60.1   12.59  320 328 376 400  240 245 246 262 doublescan -hsync -vsync (31.5 kHz d)
[  6471.047] (II) modeset(0): Modeline "360x202"x59.5   11.25  360 372 404 448  202 204 206 211 doublescan -hsync +vsync (25.1 kHz d)
[  6471.047] (II) modeset(0): Modeline "360x202"x59.1   10.88  360 384 400 440  202 204 206 209 doublescan +hsync -vsync (24.7 kHz d)
[  6471.047] (II) modeset(0): Modeline "320x180"x59.8    9.00  320 332 360 400  180 181 184 188 doublescan -hsync +vsync (22.5 kHz d)
[  6471.047] (II) modeset(0): Modeline "320x180"x59.3    8.88  320 344 360 400  180 181 184 187 doublescan +hsync -vsync (22.2 kHz d)
[  6471.060] (II) modeset(0): EDID for output VGA-1
[  6471.060] (II) modeset(0): Output HDMI-1 connected
[  6471.060] (II) modeset(0): Output VGA-1 disconnected
[  6471.060] (II) modeset(0): Using exact sizes for initial modes
[  6471.060] (II) modeset(0): Output HDMI-1 using initial mode 1920x1200 +0+0
[  6471.060] (==) modeset(0): Using gamma correction (1.0, 1.0, 1.0)
[  6471.060] (==) modeset(0): DPI set to (96, 96)
[  6471.060] (II) Loading sub module "fb"
[  6471.060] (II) LoadModule: "fb"
[  6471.060] (II) Module "fb" already built-in
[  6471.060] (II) UnloadModule: "vesa"
[  6471.060] (II) Unloading vesa
[  6471.083] (==) modeset(0): Backing store enabled
[  6471.083] (==) modeset(0): Silken mouse enabled
[  6471.083] (II) modeset(0): Initializing kms color map for depth 24, 8 bpc.
[  6471.084] (==) modeset(0): DPMS enabled
[  6471.084] (II) modeset(0): [DRI2] Setup complete
[  6471.084] (II) modeset(0): [DRI2]   DRI driver: radeonsi
[  6471.084] (II) modeset(0): [DRI2]   VDPAU driver: radeonsi
[  6471.084] (II) Initializing extension Generic Event Extension
[  6471.084] (II) Initializing extension SHAPE
[  6471.084] (II) Initializing extension MIT-SHM
[  6471.085] (II) Initializing extension XInputExtension
[  6471.085] (II) Initializing extension XTEST
[  6471.085] (II) Initializing extension BIG-REQUESTS
[  6471.085] (II) Initializing extension SYNC
[  6471.086] (II) Initializing extension XKEYBOARD
[  6471.086] (II) Initializing extension XC-MISC
[  6471.086] (II) Initializing extension SECURITY
[  6471.086] (II) Initializing extension XFIXES
[  6471.086] (II) Initializing extension RENDER
[  6471.087] (II) Initializing extension RANDR
[  6471.087] (II) Initializing extension COMPOSITE
[  6471.087] (II) Initializing extension DAMAGE
[  6471.088] (II) Initializing extension MIT-SCREEN-SAVER
[  6471.088] (II) Initializing extension DOUBLE-BUFFER
[  6471.088] (II) Initializing extension RECORD
[  6471.088] (II) Initializing extension DPMS
[  6471.088] (II) Initializing extension Present
[  6471.089] (II) Initializing extension DRI3
[  6471.089] (II) Initializing extension X-Resource
[  6471.089] (II) Initializing extension XVideo
[  6471.089] (II) Initializing extension XVideo-MotionCompensation
[  6471.089] (II) Initializing extension GLX
[  6471.103] (II) AIGLX: Loaded and initialized radeonsi
[  6471.103] (II) GLX: Initialized DRI2 GL provider for screen 0
[  6471.103] (II) Initializing extension XFree86-VidModeExtension
[  6471.104] (II) Initializing extension XFree86-DGA
[  6471.104] (II) Initializing extension XFree86-DRI
[  6471.104] (II) Initializing extension DRI2
[  6471.105] (II) modeset(0): Damage tracking initialized
[  6471.105] (II) modeset(0): Setting screen physical size to 508 x 317
[  6471.344] (II) config/udev: Adding input device Power Button (/dev/input/event1)
[  6471.344] (**) Power Button: Applying InputClass "libinput keyboard catchall"
[  6471.344] (II) LoadModule: "libinput"
[  6471.345] (II) Loading /usr/lib/xorg/modules/input/libinput_drv.so
[  6471.349] (II) Module libinput: vendor="X.Org Foundation"
[  6471.349] 	compiled for 1.21.1.3, module version = 1.2.1
[  6471.349] 	Module class: X.Org XInput Driver
[  6471.349] 	ABI class: X.Org XInput driver, version 24.4
[  6471.349] (II) Using input driver 'libinput' for 'Power Button'
[  6471.351] (II) systemd-logind: got fd for /dev/input/event1 13:65 fd 25 paused 0
[  6471.351] (**) Power Button: always reports core events
[  6471.351] (**) Option "Device" "/dev/input/event1"
[  6471.358] (II) event1  - Power Button: is tagged by udev as: Keyboard
[  6471.358] (II) event1  - Power Button: device is a keyboard
[  6471.359] (II) event1  - Power Button: device removed
[  6471.359] (**) Option "config_info" "udev:/sys/devices/LNXSYSTM:00/LNXPWRBN:00/input/input1/event1"
[  6471.359] (II) XINPUT: Adding extended input device "Power Button" (type: KEYBOARD, id 6)
[  6471.361] (II) event1  - Power Button: is tagged by udev as: Keyboard
[  6471.362] (II) event1  - Power Button: device is a keyboard
[  6471.364] (II) config/udev: Adding input device Power Button (/dev/input/event0)
[  6471.364] (**) Power Button: Applying InputClass "libinput keyboard catchall"
[  6471.364] (II) Using input driver 'libinput' for 'Power Button'
[  6471.365] (II) systemd-logind: got fd for /dev/input/event0 13:64 fd 28 paused 0
[  6471.365] (**) Power Button: always reports core events
[  6471.365] (**) Option "Device" "/dev/input/event0"
[  6471.368] (II) event0  - Power Button: is tagged by udev as: Keyboard
[  6471.368] (II) event0  - Power Button: device is a keyboard
[  6471.369] (II) event0  - Power Button: device removed
[  6471.369] (**) Option "config_info" "udev:/sys/devices/LNXSYSTM:00/LNXSYBUS:00/PNP0C0C:00/input/input0/event0"
[  6471.369] (II) XINPUT: Adding extended input device "Power Button" (type: KEYBOARD, id 7)
[  6471.373] (II) event0  - Power Button: is tagged by udev as: Keyboard
[  6471.373] (II) event0  - Power Button: device is a keyboard
[  6471.376] (II) config/udev: Adding input device HDA ATI HDMI HDMI/DP,pcm=3 (/dev/input/event10)
[  6471.376] (II) No input driver specified, ignoring this device.
[  6471.376] (II) This device may have been added with another device file.
[  6471.378] (II) config/udev: Adding input device C505 HD Webcam (/dev/input/event9)
[  6471.378] (**) C505 HD Webcam: Applying InputClass "libinput keyboard catchall"
[  6471.378] (II) Using input driver 'libinput' for 'C505 HD Webcam'
[  6471.380] (II) systemd-logind: got fd for /dev/input/event9 13:73 fd 29 paused 0
[  6471.380] (**) C505 HD Webcam: always reports core events
[  6471.380] (**) Option "Device" "/dev/input/event9"
[  6471.384] (II) event9  - C505 HD Webcam: is tagged by udev as: Keyboard
[  6471.384] (II) event9  - C505 HD Webcam: device is a keyboard
[  6471.384] (II) event9  - C505 HD Webcam: device removed
[  6471.385] (**) Option "config_info" "udev:/sys/devices/pci0000:00/0000:00:10.0/usb5/5-1/5-1:1.0/input/input20/event9"
[  6471.385] (II) XINPUT: Adding extended input device "C505 HD Webcam" (type: KEYBOARD, id 8)
[  6471.388] (II) event9  - C505 HD Webcam: is tagged by udev as: Keyboard
[  6471.389] (II) event9  - C505 HD Webcam: device is a keyboard
[  6471.392] (II) config/udev: Adding input device Logitech Anywhere MX (/dev/input/event7)
[  6471.392] (**) Logitech Anywhere MX: Applying InputClass "libinput pointer catchall"
[  6471.392] (II) Using input driver 'libinput' for 'Logitech Anywhere MX'
[  6471.394] (II) systemd-logind: got fd for /dev/input/event7 13:71 fd 30 paused 0
[  6471.394] (**) Logitech Anywhere MX: always reports core events
[  6471.394] (**) Option "Device" "/dev/input/event7"
[  6471.398] (II) event7  - Logitech Anywhere MX: is tagged by udev as: Mouse
[  6471.399] (II) event7  - Logitech Anywhere MX: device is a pointer
[  6471.400] (II) event7  - Logitech Anywhere MX: device removed
[  6471.400] (**) Option "config_info" "udev:/sys/devices/pci0000:00/0000:00:13.2/usb2/2-1/2-1.2/2-1.2.1/2-1.2.1:1.2/0003:046D:C52B.0005/0003:046D:1017.0006/input/input16/event7"
[  6471.400] (II) XINPUT: Adding extended input device "Logitech Anywhere MX" (type: MOUSE, id 9)
[  6471.400] (**) Option "AccelerationScheme" "none"
[  6471.400] (**) Logitech Anywhere MX: (accel) selected scheme none/0
[  6471.400] (**) Logitech Anywhere MX: (accel) acceleration factor: 2.000
[  6471.400] (**) Logitech Anywhere MX: (accel) acceleration threshold: 4
[  6471.405] (II) event7  - Logitech Anywhere MX: is tagged by udev as: Mouse
[  6471.405] (II) event7  - Logitech Anywhere MX: device is a pointer
[  6471.408] (II) config/udev: Adding input device Logitech Anywhere MX (/dev/input/mouse1)
[  6471.408] (II) No input driver specified, ignoring this device.
[  6471.408] (II) This device may have been added with another device file.
[  6471.411] (II) config/udev: Adding input device MOSART Semi. 2.4G Keyboard Mouse (/dev/input/event2)
[  6471.411] (**) MOSART Semi. 2.4G Keyboard Mouse: Applying InputClass "libinput keyboard catchall"
[  6471.411] (II) Using input driver 'libinput' for 'MOSART Semi. 2.4G Keyboard Mouse'
[  6471.412] (II) systemd-logind: got fd for /dev/input/event2 13:66 fd 31 paused 0
[  6471.412] (**) MOSART Semi. 2.4G Keyboard Mouse: always reports core events
[  6471.412] (**) Option "Device" "/dev/input/event2"
[  6471.416] (II) event2  - MOSART Semi. 2.4G Keyboard Mouse: is tagged by udev as: Keyboard
[  6471.416] (II) event2  - MOSART Semi. 2.4G Keyboard Mouse: device is a keyboard
[  6471.417] (II) event2  - MOSART Semi. 2.4G Keyboard Mouse: device removed
[  6471.417] (**) Option "config_info" "udev:/sys/devices/pci0000:00/0000:00:13.2/usb2/2-1/2-1.3/2-1.3:1.0/0003:062A:4101.0001/input/input2/event2"
[  6471.417] (II) XINPUT: Adding extended input device "MOSART Semi. 2.4G Keyboard Mouse" (type: KEYBOARD, id 10)
[  6471.422] (II) event2  - MOSART Semi. 2.4G Keyboard Mouse: is tagged by udev as: Keyboard
[  6471.422] (II) event2  - MOSART Semi. 2.4G Keyboard Mouse: device is a keyboard
[  6471.425] (II) config/udev: Adding input device MOSART Semi. 2.4G Keyboard Mouse (/dev/input/event3)
[  6471.425] (**) MOSART Semi. 2.4G Keyboard Mouse: Applying InputClass "libinput pointer catchall"
[  6471.425] (II) Using input driver 'libinput' for 'MOSART Semi. 2.4G Keyboard Mouse'
[  6471.426] (II) systemd-logind: got fd for /dev/input/event3 13:67 fd 32 paused 0
[  6471.426] (**) MOSART Semi. 2.4G Keyboard Mouse: always reports core events
[  6471.426] (**) Option "Device" "/dev/input/event3"
[  6471.430] (II) event3  - MOSART Semi. 2.4G Keyboard Mouse: is tagged by udev as: Mouse
[  6471.431] (II) event3  - MOSART Semi. 2.4G Keyboard Mouse: device is a pointer
[  6471.431] (II) event3  - MOSART Semi. 2.4G Keyboard Mouse: device removed
[  6471.431] (**) Option "config_info" "udev:/sys/devices/pci0000:00/0000:00:13.2/usb2/2-1/2-1.3/2-1.3:1.1/0003:062A:4101.0002/input/input3/event3"
[  6471.431] (II) XINPUT: Adding extended input device "MOSART Semi. 2.4G Keyboard Mouse" (type: MOUSE, id 11)
[  6471.432] (**) Option "AccelerationScheme" "none"
[  6471.432] (**) MOSART Semi. 2.4G Keyboard Mouse: (accel) selected scheme none/0
[  6471.432] (**) MOSART Semi. 2.4G Keyboard Mouse: (accel) acceleration factor: 2.000
[  6471.432] (**) MOSART Semi. 2.4G Keyboard Mouse: (accel) acceleration threshold: 4
[  6471.435] (II) event3  - MOSART Semi. 2.4G Keyboard Mouse: is tagged by udev as: Mouse
[  6471.436] (II) event3  - MOSART Semi. 2.4G Keyboard Mouse: device is a pointer
[  6471.438] (II) config/udev: Adding input device MOSART Semi. 2.4G Keyboard Mouse (/dev/input/mouse0)
[  6471.438] (II) No input driver specified, ignoring this device.
[  6471.438] (II) This device may have been added with another device file.
[  6471.440] (II) config/udev: Adding input device MOSART Semi. 2.4G Keyboard Mouse Consumer Control (/dev/input/event4)
[  6471.440] (**) MOSART Semi. 2.4G Keyboard Mouse Consumer Control: Applying InputClass "libinput keyboard catchall"
[  6471.440] (II) Using input driver 'libinput' for 'MOSART Semi. 2.4G Keyboard Mouse Consumer Control'
[  6471.442] (II) systemd-logind: got fd for /dev/input/event4 13:68 fd 33 paused 0
[  6471.442] (**) MOSART Semi. 2.4G Keyboard Mouse Consumer Control: always reports core events
[  6471.442] (**) Option "Device" "/dev/input/event4"
[  6471.446] (II) event4  - MOSART Semi. 2.4G Keyboard Mouse Consumer Control: is tagged by udev as: Keyboard
[  6471.446] (II) event4  - MOSART Semi. 2.4G Keyboard Mouse Consumer Control: device is a keyboard
[  6471.447] (II) event4  - MOSART Semi. 2.4G Keyboard Mouse Consumer Control: device removed
[  6471.447] (II) libinput: MOSART Semi. 2.4G Keyboard Mouse Consumer Control: needs a virtual subdevice
[  6471.447] (**) Option "config_info" "udev:/sys/devices/pci0000:00/0000:00:13.2/usb2/2-1/2-1.3/2-1.3:1.1/0003:062A:4101.0002/input/input4/event4"
[  6471.447] (II) XINPUT: Adding extended input device "MOSART Semi. 2.4G Keyboard Mouse Consumer Control" (type: MOUSE, id 12)
[  6471.447] (**) Option "AccelerationScheme" "none"
[  6471.447] (**) MOSART Semi. 2.4G Keyboard Mouse Consumer Control: (accel) selected scheme none/0
[  6471.447] (**) MOSART Semi. 2.4G Keyboard Mouse Consumer Control: (accel) acceleration factor: 2.000
[  6471.447] (**) MOSART Semi. 2.4G Keyboard Mouse Consumer Control: (accel) acceleration threshold: 4
[  6471.451] (II) event4  - MOSART Semi. 2.4G Keyboard Mouse Consumer Control: is tagged by udev as: Keyboard
[  6471.451] (II) event4  - MOSART Semi. 2.4G Keyboard Mouse Consumer Control: device is a keyboard
[  6471.454] (II) config/udev: Adding input device MOSART Semi. 2.4G Keyboard Mouse System Control (/dev/input/event5)
[  6471.454] (**) MOSART Semi. 2.4G Keyboard Mouse System Control: Applying InputClass "libinput keyboard catchall"
[  6471.454] (II) Using input driver 'libinput' for 'MOSART Semi. 2.4G Keyboard Mouse System Control'
[  6471.455] (II) systemd-logind: got fd for /dev/input/event5 13:69 fd 34 paused 0
[  6471.455] (**) MOSART Semi. 2.4G Keyboard Mouse System Control: always reports core events
[  6471.455] (**) Option "Device" "/dev/input/event5"
[  6471.459] (II) event5  - MOSART Semi. 2.4G Keyboard Mouse System Control: is tagged by udev as: Keyboard
[  6471.460] (II) event5  - MOSART Semi. 2.4G Keyboard Mouse System Control: device is a keyboard
[  6471.460] (II) event5  - MOSART Semi. 2.4G Keyboard Mouse System Control: device removed
[  6471.460] (**) Option "config_info" "udev:/sys/devices/pci0000:00/0000:00:13.2/usb2/2-1/2-1.3/2-1.3:1.1/0003:062A:4101.0002/input/input5/event5"
[  6471.460] (II) XINPUT: Adding extended input device "MOSART Semi. 2.4G Keyboard Mouse System Control" (type: KEYBOARD, id 13)
[  6471.464] (II) event5  - MOSART Semi. 2.4G Keyboard Mouse System Control: is tagged by udev as: Keyboard
[  6471.465] (II) event5  - MOSART Semi. 2.4G Keyboard Mouse System Control: device is a keyboard
[  6471.467] (II) config/udev: Adding input device MOSART Semi. 2.4G Keyboard Mouse (/dev/input/event6)
[  6471.467] (II) No input driver specified, ignoring this device.
[  6471.467] (II) This device may have been added with another device file.
[  6471.468] (II) config/udev: Adding input device HD-Audio Generic Rear Mic (/dev/input/event11)
[  6471.468] (II) No input driver specified, ignoring this device.
[  6471.468] (II) This device may have been added with another device file.
[  6471.469] (II) config/udev: Adding input device HD-Audio Generic Front Mic (/dev/input/event12)
[  6471.469] (II) No input driver specified, ignoring this device.
[  6471.469] (II) This device may have been added with another device file.
[  6471.470] (II) config/udev: Adding input device HD-Audio Generic Line (/dev/input/event13)
[  6471.470] (II) No input driver specified, ignoring this device.
[  6471.470] (II) This device may have been added with another device file.
[  6471.471] (II) config/udev: Adding input device HD-Audio Generic Line Out (/dev/input/event14)
[  6471.471] (II) No input driver specified, ignoring this device.
[  6471.471] (II) This device may have been added with another device file.
[  6471.472] (II) config/udev: Adding input device PC Speaker (/dev/input/event8)
[  6471.472] (II) No input driver specified, ignoring this device.
[  6471.472] (II) This device may have been added with another device file.
[  6471.489] (**) MOSART Semi. 2.4G Keyboard Mouse Consumer Control: Applying InputClass "libinput keyboard catchall"
[  6471.489] (II) Using input driver 'libinput' for 'MOSART Semi. 2.4G Keyboard Mouse Consumer Control'
[  6471.489] (II) systemd-logind: returning pre-existing fd for /dev/input/event4 13:68
[  6471.489] (**) MOSART Semi. 2.4G Keyboard Mouse Consumer Control: always reports core events
[  6471.489] (**) Option "Device" "/dev/input/event4"
[  6471.489] (II) libinput: MOSART Semi. 2.4G Keyboard Mouse Consumer Control: is a virtual subdevice
[  6471.489] (**) Option "config_info" "udev:/sys/devices/pci0000:00/0000:00:13.2/usb2/2-1/2-1.3/2-1.3:1.1/0003:062A:4101.0002/input/input4/event4"
[  6471.489] (II) XINPUT: Adding extended input device "MOSART Semi. 2.4G Keyboard Mouse Consumer Control" (type: KEYBOARD, id 14)
[  6473.022] (II) modeset(0): EDID vendor "BNQ", prod id 30730
[  6473.022] (II) modeset(0): DDCModeFromDetailedTiming: 1920x1080 Warning: We only handle separate sync.
[  6473.022] (II) modeset(0): Using EDID range info for horizontal sync
[  6473.022] (II) modeset(0): Using EDID range info for vertical refresh
[  6473.022] (II) modeset(0): Printing DDC gathered Modelines:
[  6473.022] (II) modeset(0): Modeline "1920x1200"x0.0  154.00  1920 1968 2000 2080  1200 1203 1209 1235 +hsync -vsync (74.0 kHz eP)
[  6473.022] (II) modeset(0): Modeline "1280x720"x0.0   74.25  1280 1390 1430 1650  720 725 730 750 +hsync +vsync (45.0 kHz e)
[  6473.022] (II) modeset(0): Modeline "1920x1080i"x0.0   74.25  1920 2008 2052 2200  1080 1084 1094 1125 interlace +hsync +vsync (33.8 kHz e)
[  6473.022] (II) modeset(0): Modeline "720x480"x0.0   27.00  720 736 798 858  480 489 495 525 -hsync -vsync (31.5 kHz e)
[  6473.022] (II) modeset(0): Modeline "1920x1080"x0.0  148.50  1920 2008 2052 2200  1080 1084 1089 1125 +hsync +vsync (67.5 kHz e)
[  6473.022] (II) modeset(0): Modeline "640x480"x0.0   25.18  640 648 744 800  480 482 484 525 -hsync -vsync (31.5 kHz e)
[  6473.022] (II) modeset(0): Modeline "640x480"x0.0   25.18  640 656 752 800  480 490 492 525 -hsync -vsync (31.5 kHz e)
[  6473.022] (II) modeset(0): Modeline "1440x480i"x0.0   27.00  1440 1478 1602 1716  480 488 494 525 interlace -hsync -vsync (15.7 kHz e)
[  6473.022] (II) modeset(0): Modeline "800x600"x0.0   40.00  800 840 968 1056  600 601 605 628 +hsync +vsync (37.9 kHz e)
[  6473.022] (II) modeset(0): Modeline "640x480"x0.0   31.50  640 656 720 840  480 481 484 500 -hsync -vsync (37.5 kHz e)
[  6473.022] (II) modeset(0): Modeline "720x400"x0.0   28.32  720 738 846 900  400 412 414 449 -hsync +vsync (31.5 kHz e)
[  6473.022] (II) modeset(0): Modeline "1280x1024"x0.0  135.00  1280 1296 1440 1688  1024 1025 1028 1066 +hsync +vsync (80.0 kHz e)
[  6473.022] (II) modeset(0): Modeline "1024x768"x0.0   78.75  1024 1040 1136 1312  768 769 772 800 +hsync +vsync (60.0 kHz e)
[  6473.022] (II) modeset(0): Modeline "1024x768"x0.0   65.00  1024 1048 1184 1344  768 771 777 806 -hsync -vsync (48.4 kHz e)
[  6473.022] (II) modeset(0): Modeline "832x624"x0.0   57.28  832 864 928 1152  624 625 628 667 -hsync -vsync (49.7 kHz e)
[  6473.022] (II) modeset(0): Modeline "800x600"x0.0   49.50  800 816 896 1056  600 601 604 625 +hsync +vsync (46.9 kHz e)
[  6473.022] (II) modeset(0): Modeline "1152x864"x0.0  108.00  1152 1216 1344 1600  864 865 868 900 +hsync +vsync (67.5 kHz e)
[  6473.022] (II) modeset(0): Modeline "1152x720"x60.0   67.32  1152 1208 1328 1504  720 721 724 746 -hsync +vsync (44.8 kHz e)
[  6473.022] (II) modeset(0): Modeline "1280x800"x0.0   71.00  1280 1328 1360 1440  800 803 809 823 +hsync -vsync (49.3 kHz e)
[  6473.022] (II) modeset(0): Modeline "1440x900"x0.0   88.75  1440 1488 1520 1600  900 903 909 926 +hsync -vsync (55.5 kHz e)
[  6473.022] (II) modeset(0): Modeline "1280x1024"x0.0  108.00  1280 1328 1440 1688  1024 1025 1028 1066 +hsync +vsync (64.0 kHz e)
[  6473.022] (II) modeset(0): Modeline "1680x1050"x0.0  119.00  1680 1728 1760 1840  1050 1053 1059 1080 +hsync -vsync (64.7 kHz e)
[  6473.022] (II) modeset(0): Modeline "1600x1200"x0.0  162.00  1600 1664 1856 2160  1200 1201 1204 1250 +hsync +vsync (75.0 kHz e)
[  6473.044] (II) modeset(0): Disabling kernel dirty updates, not required.
