 
New instance of bashtop version: 0.9.25 Pid: 20869
 
New instance of bashtop version: 0.9.25 Pid: 1561
 
New instance of bashtop version: 0.9.25 Pid: 2277
stty: 'standard input': Inappropriate ioctl for device
06:14:51 PM ERROR: On line 285 
06:14:51 PM ERROR: On line 285 
stty: 'standard input': Inappropriate ioctl for device
06:14:51 PM ERROR: On line 288 
/usr/bin/bashtop: line 291: ((: <80 | <24: syntax error: operand expected (error token is "<80 | <24")
/usr/bin/bashtop: line 2856: ((: ==0: syntax error: operand expected (error token is "==0")
/usr/bin/bashtop: line 2857: ((: <50: syntax error: operand expected (error token is "<50")
/usr/bin/bashtop: line 2860: -2: substring expression < 0
stty: 'standard input': Inappropriate ioctl for device
stty: 'standard input': Inappropriate ioctl for device
06:14:52 PM ERROR: On line 659 
06:14:52 PM ERROR: On line 659 
/usr/bin/bashtop: line 660: ((: <80 | <24: syntax error: operand expected (error token is "<80 | <24")
stty: 'standard input': Inappropriate ioctl for device
stty: 'standard input': Inappropriate ioctl for device
06:14:52 PM ERROR: On line 659 (MUTED!)
06:14:52 PM ERROR: On line 659 (MUTED!)
/usr/bin/bashtop: line 660: ((: <80 | <24: syntax error: operand expected (error token is "<80 | <24")
stty: 'standard input': Inappropriate ioctl for device
stty: 'standard input': Inappropriate ioctl for device
/usr/bin/bashtop: line 660: ((: <80 | <24: syntax error: operand expected (error token is "<80 | <24")
stty: 'standard input': Inappropriate ioctl for device
stty: 'standard input': Inappropriate ioctl for device
/usr/bin/bashtop: line 660: ((: <80 | <24: syntax error: operand expected (error token is "<80 | <24")
stty: 'standard input': Inappropriate ioctl for device
stty: 'standard input': Inappropriate ioctl for device
/usr/bin/bashtop: line 660: ((: <80 | <24: syntax error: operand expected (error token is "<80 | <24")
stty: 'standard input': Inappropriate ioctl for device
stty: 'standard input': Inappropriate ioctl for device
/usr/bin/bashtop: line 660: ((: <80 | <24: syntax error: operand expected (error token is "<80 | <24")
stty: 'standard input': Inappropriate ioctl for device
stty: 'standard input': Inappropriate ioctl for device
/usr/bin/bashtop: line 660: ((: <80 | <24: syntax error: operand expected (error token is "<80 | <24")
stty: 'standard input': Inappropriate ioctl for device
stty: 'standard input': Inappropriate ioctl for device
/usr/bin/bashtop: line 660: ((: <80 | <24: syntax error: operand expected (error token is "<80 | <24")
stty: 'standard input': Inappropriate ioctl for device
stty: 'standard input': Inappropriate ioctl for device
/usr/bin/bashtop: line 660: ((: <80 | <24: syntax error: operand expected (error token is "<80 | <24")
stty: 'standard input': Inappropriate ioctl for device
stty: 'standard input': Inappropriate ioctl for device
/usr/bin/bashtop: line 660: ((: <80 | <24: syntax error: operand expected (error token is "<80 | <24")
stty: 'standard input': Inappropriate ioctl for device
stty: 'standard input': Inappropriate ioctl for device
/usr/bin/bashtop: line 660: ((: <80 | <24: syntax error: operand expected (error token is "<80 | <24")
stty: 'standard input': Inappropriate ioctl for device
stty: 'standard input': Inappropriate ioctl for device
/usr/bin/bashtop: line 660: ((: <80 | <24: syntax error: operand expected (error token is "<80 | <24")
stty: 'standard input': Inappropriate ioctl for device
stty: 'standard input': Inappropriate ioctl for device
/usr/bin/bashtop: line 660: ((: <80 | <24: syntax error: operand expected (error token is "<80 | <24")
stty: 'standard input': Inappropriate ioctl for device
stty: 'standard input': Inappropriate ioctl for device
/usr/bin/bashtop: line 660: ((: <80 | <24: syntax error: operand expected (error token is "<80 | <24")
stty: 'standard input': Inappropriate ioctl for device
stty: 'standard input': Inappropriate ioctl for device
/usr/bin/bashtop: line 660: ((: <80 | <24: syntax error: operand expected (error token is "<80 | <24")
stty: 'standard input': Inappropriate ioctl for device
stty: 'standard input': Inappropriate ioctl for device
/usr/bin/bashtop: line 660: ((: <80 | <24: syntax error: operand expected (error token is "<80 | <24")
stty: 'standard input': Inappropriate ioctl for device
stty: 'standard input': Inappropriate ioctl for device
/usr/bin/bashtop: line 660: ((: <80 | <24: syntax error: operand expected (error token is "<80 | <24")
stty: 'standard input': Inappropriate ioctl for device
stty: 'standard input': Inappropriate ioctl for device
/usr/bin/bashtop: line 660: ((: <80 | <24: syntax error: operand expected (error token is "<80 | <24")
stty: 'standard input': Inappropriate ioctl for device
stty: 'standard input': Inappropriate ioctl for device
/usr/bin/bashtop: line 660: ((: <80 | <24: syntax error: operand expected (error token is "<80 | <24")
stty: 'standard input': Inappropriate ioctl for device
stty: 'standard input': Inappropriate ioctl for device
/usr/bin/bashtop: line 660: ((: <80 | <24: syntax error: operand expected (error token is "<80 | <24")
stty: 'standard input': Inappropriate ioctl for device
stty: 'standard input': Inappropriate ioctl for device
/usr/bin/bashtop: line 660: ((: <80 | <24: syntax error: operand expected (error token is "<80 | <24")
stty: 'standard input': Inappropriate ioctl for device
stty: 'standard input': Inappropriate ioctl for device
/usr/bin/bashtop: line 660: ((: <80 | <24: syntax error: operand expected (error token is "<80 | <24")
stty: 'standard input': Inappropriate ioctl for device
stty: 'standard input': Inappropriate ioctl for device
/usr/bin/bashtop: line 660: ((: <80 | <24: syntax error: operand expected (error token is "<80 | <24")
stty: 'standard input': Inappropriate ioctl for device
stty: 'standard input': Inappropriate ioctl for device
/usr/bin/bashtop: line 660: ((: <80 | <24: syntax error: operand expected (error token is "<80 | <24")
stty: 'standard input': Inappropriate ioctl for device
stty: 'standard input': Inappropriate ioctl for device
/usr/bin/bashtop: line 660: ((: <80 | <24: syntax error: operand expected (error token is "<80 | <24")
stty: 'standard input': Inappropriate ioctl for device
stty: 'standard input': Inappropriate ioctl for device
/usr/bin/bashtop: line 660: ((: <80 | <24: syntax error: operand expected (error token is "<80 | <24")
stty: 'standard input': Inappropriate ioctl for device
stty: 'standard input': Inappropriate ioctl for device
/usr/bin/bashtop: line 660: ((: <80 | <24: syntax error: operand expected (error token is "<80 | <24")
stty: 'standard input': Inappropriate ioctl for device
stty: 'standard input': Inappropriate ioctl for device
/usr/bin/bashtop: line 660: ((: <80 | <24: syntax error: operand expected (error token is "<80 | <24")
stty: 'standard input': Inappropriate ioctl for device
stty: 'standard input': Inappropriate ioctl for device
/usr/bin/bashtop: line 660: ((: <80 | <24: syntax error: operand expected (error token is "<80 | <24")
stty: 'standard input': Inappropriate ioctl for device
stty: 'standard input': Inappropriate ioctl for device
/usr/bin/bashtop: line 660: ((: <80 | <24: syntax error: operand expected (error token is "<80 | <24")
stty: 'standard input': Inappropriate ioctl for device
stty: 'standard input': Inappropriate ioctl for device
/usr/bin/bashtop: line 660: ((: <80 | <24: syntax error: operand expected (error token is "<80 | <24")
stty: 'standard input': Inappropriate ioctl for device
stty: 'standard input': Inappropriate ioctl for device
/usr/bin/bashtop: line 660: ((: <80 | <24: syntax error: operand expected (error token is "<80 | <24")
stty: 'standard input': Inappropriate ioctl for device
stty: 'standard input': Inappropriate ioctl for device
/usr/bin/bashtop: line 660: ((: <80 | <24: syntax error: operand expected (error token is "<80 | <24")
stty: 'standard input': Inappropriate ioctl for device
stty: 'standard input': Inappropriate ioctl for device
/usr/bin/bashtop: line 660: ((: <80 | <24: syntax error: operand expected (error token is "<80 | <24")
stty: 'standard input': Inappropriate ioctl for device
stty: 'standard input': Inappropriate ioctl for device
/usr/bin/bashtop: line 660: ((: <80 | <24: syntax error: operand expected (error token is "<80 | <24")
stty: 'standard input': Inappropriate ioctl for device
stty: 'standard input': Inappropriate ioctl for device
/usr/bin/bashtop: line 660: ((: <80 | <24: syntax error: operand expected (error token is "<80 | <24")
stty: 'standard input': Inappropriate ioctl for device
stty: 'standard input': Inappropriate ioctl for device
/usr/bin/bashtop: line 660: ((: <80 | <24: syntax error: operand expected (error token is "<80 | <24")
stty: 'standard input': Inappropriate ioctl for device
stty: 'standard input': Inappropriate ioctl for device
/usr/bin/bashtop: line 660: ((: <80 | <24: syntax error: operand expected (error token is "<80 | <24")
stty: 'standard input': Inappropriate ioctl for device
stty: 'standard input': Inappropriate ioctl for device
/usr/bin/bashtop: line 660: ((: <80 | <24: syntax error: operand expected (error token is "<80 | <24")
stty: 'standard input': Inappropriate ioctl for device
stty: 'standard input': Inappropriate ioctl for device
/usr/bin/bashtop: line 660: ((: <80 | <24: syntax error: operand expected (error token is "<80 | <24")
stty: 'standard input': Inappropriate ioctl for device
stty: 'standard input': Inappropriate ioctl for device
/usr/bin/bashtop: line 660: ((: <80 | <24: syntax error: operand expected (error token is "<80 | <24")
stty: 'standard input': Inappropriate ioctl for device
stty: 'standard input': Inappropriate ioctl for device
/usr/bin/bashtop: line 660: ((: <80 | <24: syntax error: operand expected (error token is "<80 | <24")
stty: 'standard input': Inappropriate ioctl for device
stty: 'standard input': Inappropriate ioctl for device
/usr/bin/bashtop: line 660: ((: <80 | <24: syntax error: operand expected (error token is "<80 | <24")
stty: 'standard input': Inappropriate ioctl for device
stty: 'standard input': Inappropriate ioctl for device
/usr/bin/bashtop: line 660: ((: <80 | <24: syntax error: operand expected (error token is "<80 | <24")
stty: 'standard input': Inappropriate ioctl for device
stty: 'standard input': Inappropriate ioctl for device
/usr/bin/bashtop: line 660: ((: <80 | <24: syntax error: operand expected (error token is "<80 | <24")
stty: 'standard input': Inappropriate ioctl for device
stty: 'standard input': Inappropriate ioctl for device
/usr/bin/bashtop: line 660: ((: <80 | <24: syntax error: operand expected (error token is "<80 | <24")
stty: 'standard input': Inappropriate ioctl for device
stty: 'standard input': Inappropriate ioctl for device
/usr/bin/bashtop: line 660: ((: <80 | <24: syntax error: operand expected (error token is "<80 | <24")
